2021-04-04 06:04:43 INFO  AuthorServiceImpl:17 - Creating book is started
2021-04-04 06:04:45 INFO  AuthorServiceImpl:23 - Creating book is ended
2021-04-04 06:04:59 INFO  AuthorServiceImpl:17 - Creating book is started
2021-04-04 06:04:59 INFO  AuthorServiceImpl:23 - Creating book is ended
2021-04-04 06:05:04 INFO  AuthorServiceImpl:17 - Creating book is started
2021-04-04 06:05:04 INFO  AuthorServiceImpl:23 - Creating book is ended
2021-04-04 06:05:24 INFO  AuthorServiceImpl:28 - Updating book is started
2021-04-04 06:05:24 INFO  AuthorServiceImpl:30 - Updating book is ended
2021-04-04 06:05:51 INFO  AuthorServiceImpl:35 - Deleting book is started
2021-04-04 06:05:51 INFO  AuthorServiceImpl:37 - Deleting book is ended
2021-04-04 06:06:00 INFO  AuthorServiceImpl:17 - Creating book is started
2021-04-04 06:06:00 INFO  AuthorServiceImpl:23 - Creating book is ended
2021-04-04 06:06:03 INFO  AuthorServiceImpl:54 - finding all books
2021-04-04 06:06:18 DEBUG AuthorServiceImpl:48 - finding book by title Same Lama
2021-04-04 06:06:36 INFO  AuthorServiceImpl:17 - Creating author is started
2021-04-04 06:06:36 INFO  AuthorServiceImpl:19 - Creating author is ended
2021-04-04 06:06:41 INFO  AuthorServiceImpl:24 - Updating author is started
2021-04-04 06:06:41 INFO  AuthorServiceImpl:26 - Updating author wasn't completed, cause author is null
2021-04-04 06:06:45 INFO  AuthorServiceImpl:53 - finding all authors
2021-04-04 06:07:00 INFO  AuthorServiceImpl:35 - Deleting author is started
2021-04-04 06:07:00 INFO  AuthorServiceImpl:41 - Deleting author is ended
2021-04-04 06:07:06 INFO  AuthorServiceImpl:17 - Creating author is started
2021-04-04 06:07:06 INFO  AuthorServiceImpl:19 - Creating author is ended
2021-04-04 06:07:07 INFO  AuthorServiceImpl:53 - finding all authors
2021-04-04 06:07:29 INFO  AuthorServiceImpl:24 - Updating author is started
2021-04-04 06:07:29 INFO  AuthorServiceImpl:30 - Updating author is ended
2021-04-04 06:07:37 DEBUG AuthorServiceImpl:46 - finding author by id 28127d3f-56f4-4363-949a-3f04f8917efc
2021-04-04 06:07:46 DEBUG AuthorServiceImpl:46 - finding author by id 28127d3f-56f4-4363-949a-3f04f8917efc
2021-04-04 06:07:50 DEBUG AuthorServiceImpl:48 - finding book by title Harry Potter
2021-04-04 06:07:50 INFO  AuthorServiceImpl:16 - Start to add a book to the author
2021-04-04 06:07:50 INFO  AuthorServiceImpl:21 - Success add a book to the author
2021-04-04 06:07:54 DEBUG AuthorServiceImpl:46 - finding author by id 28127d3f-56f4-4363-949a-3f04f8917efc
2021-04-04 06:08:05 DEBUG AuthorServiceImpl:48 - finding book by title The game of the thrones
2021-04-04 06:08:05 INFO  AuthorServiceImpl:16 - Start to add a book to the author
2021-04-04 06:08:05 INFO  AuthorServiceImpl:22 - Book wasn't added cause parameters are wrong
2021-04-04 06:08:17 DEBUG AuthorServiceImpl:48 - finding book by title k
2021-04-04 06:11:26 DEBUG AuthorServiceImpl:48 - finding book by title huhu
2021-04-04 06:13:48 ERROR AuthorServiceImpl:45 - User input incorrect value
2021-04-04 06:13:51 DEBUG AuthorServiceImpl:48 - finding book by title bjb
2021-04-04 06:20:40 INFO  AuthorServiceImpl:17 - Creating book is started
2021-04-04 06:20:41 INFO  AuthorServiceImpl:23 - Creating book is ended
2021-04-04 06:20:48 INFO  AuthorServiceImpl:17 - Creating author is started
2021-04-04 06:20:48 INFO  AuthorServiceImpl:19 - Creating author is ended
2021-04-04 06:20:49 INFO  AuthorServiceImpl:53 - finding all authors
2021-04-04 06:21:06 DEBUG AuthorServiceImpl:46 - finding author by id 4363029c-34c6-4b88-bc8f-91ce8f4e75e2,
2021-04-04 06:21:12 DEBUG AuthorServiceImpl:48 - finding book by title 4363029c-34c6-4b88-bc8f-91ce8f4e75e2
2021-04-04 06:21:12 INFO  AuthorServiceImpl:16 - Start to add a book to the author
2021-04-04 06:21:12 INFO  AuthorServiceImpl:22 - Book wasn't added cause parameters are wrong
2021-04-04 06:21:20 DEBUG AuthorServiceImpl:46 - finding author by id 4363029c-34c6-4b88-bc8f-91ce8f4e75e2
2021-04-04 06:21:28 DEBUG AuthorServiceImpl:48 - finding book by title Hhuihi
2021-04-04 06:21:28 INFO  AuthorServiceImpl:16 - Start to add a book to the author
2021-04-04 06:21:28 INFO  AuthorServiceImpl:22 - Book wasn't added cause parameters are wrong
2021-04-04 06:21:36 DEBUG AuthorServiceImpl:46 - finding author by id buhi
2021-04-04 06:21:39 DEBUG AuthorServiceImpl:48 - finding book by title nni
2021-04-04 06:21:39 INFO  AuthorServiceImpl:16 - Start to add a book to the author
2021-04-04 06:21:39 INFO  AuthorServiceImpl:22 - Book wasn't added cause parameters are wrong
